2020-10-27T20:46:04.942684+00:00 app[api]: Release v1 created by user rafael.felipe@aluno.faculdadeimpacta.com.br
2020-10-27T20:46:04.942684+00:00 app[api]: Initial release by user rafael.felipe@aluno.faculdadeimpacta.com.br
2020-10-27T20:46:05.096649+00:00 app[api]: Release v2 created by user rafael.felipe@aluno.faculdadeimpacta.com.br
2020-10-27T20:46:05.096649+00:00 app[api]: Enable Logplex by user rafael.felipe@aluno.faculdadeimpacta.com.br
2020-10-27T20:47:11.000000+00:00 app[api]: Build started by user rafael.felipe@aluno.faculdadeimpacta.com.br
2020-10-27T20:47:36.310729+00:00 app[api]: Deploy 3227146a by user rafael.felipe@aluno.faculdadeimpacta.com.br
2020-10-27T20:47:36.310729+00:00 app[api]: Release v3 created by user rafael.felipe@aluno.faculdadeimpacta.com.br
2020-10-27T20:47:36.328491+00:00 app[api]: Scaled to web@1:Free by user rafael.felipe@aluno.faculdadeimpacta.com.br
2020-10-27T20:47:39.829772+00:00 heroku[web.1]: Starting process with command `python t8.py`
2020-10-27T20:47:42.639569+00:00 app[web.1]: Traceback (most recent call last):
2020-10-27T20:47:42.639608+00:00 app[web.1]: File "t8.py", line 2, in <module>
2020-10-27T20:47:42.639830+00:00 app[web.1]: from flask import flask, jsonify, request
2020-10-27T20:47:42.639841+00:00 app[web.1]: ImportError: cannot import name 'flask' from 'flask' (/app/.heroku/python/lib/python3.7/site-packages/flask/__init__.py)
2020-10-27T20:47:42.720043+00:00 heroku[web.1]: Process exited with status 1
2020-10-27T20:47:42.799545+00:00 heroku[web.1]: State changed from starting to crashed
2020-10-27T20:47:42.804416+00:00 heroku[web.1]: State changed from crashed to starting
2020-10-27T20:47:44.000000+00:00 app[api]: Build succeeded
2020-10-27T20:47:45.618919+00:00 heroku[web.1]: Starting process with command `python t8.py`
2020-10-27T20:47:47.507598+00:00 app[web.1]: Traceback (most recent call last):
2020-10-27T20:47:47.507617+00:00 app[web.1]: File "t8.py", line 2, in <module>
2020-10-27T20:47:47.507737+00:00 app[web.1]: from flask import flask, jsonify, request
2020-10-27T20:47:47.507758+00:00 app[web.1]: ImportError: cannot import name 'flask' from 'flask' (/app/.heroku/python/lib/python3.7/site-packages/flask/__init__.py)
2020-10-27T20:47:47.559855+00:00 heroku[web.1]: Process exited with status 1
2020-10-27T20:47:47.602076+00:00 heroku[web.1]: State changed from starting to crashed
2020-10-27T20:48:12.086306+00:00 heroku[router]: at=error code=H10 desc="App crashed" method=GET path="/" host=defciberac3pyy.herokuapp.com request_id=6715f8bb-ed4b-49b1-a498-b4828c6ba094 fwd="179.54.133.6" dyno= connect= service= status=503 bytes= protocol=https
2020-10-27T20:48:12.478271+00:00 heroku[router]: at=error code=H10 desc="App crashed" method=GET path="/favicon.ico" host=defciberac3pyy.herokuapp.com request_id=903f1c30-6dbe-4aac-9fbe-bb2871094bac fwd="179.54.133.6" dyno= connect= service= status=503 bytes= protocol=https
2020-10-27T21:11:57.033086+00:00 heroku[web.1]: State changed from crashed to starting
2020-10-27T21:12:00.507921+00:00 heroku[web.1]: Starting process with command `python t8.py`
2020-10-27T21:12:02.839047+00:00 app[web.1]: Traceback (most recent call last):
2020-10-27T21:12:02.839089+00:00 app[web.1]: File "t8.py", line 2, in <module>
2020-10-27T21:12:02.839159+00:00 app[web.1]: from flask import flask, jsonify, request
2020-10-27T21:12:02.839181+00:00 app[web.1]: ImportError: cannot import name 'flask' from 'flask' (/app/.heroku/python/lib/python3.7/site-packages/flask/__init__.py)
2020-10-27T21:12:02.911559+00:00 heroku[web.1]: Process exited with status 1
2020-10-27T21:12:02.975846+00:00 heroku[web.1]: State changed from starting to crashed
2020-10-27T21:24:34.000000+00:00 app[api]: Build started by user rafael.felipe@aluno.faculdadeimpacta.com.br
2020-10-27T21:25:06.243724+00:00 app[api]: Deploy 8857f648 by user rafael.felipe@aluno.faculdadeimpacta.com.br
2020-10-27T21:25:06.243724+00:00 app[api]: Release v4 created by user rafael.felipe@aluno.faculdadeimpacta.com.br
2020-10-27T21:25:06.428449+00:00 heroku[web.1]: State changed from crashed to starting
2020-10-27T21:25:09.619268+00:00 heroku[web.1]: Starting process with command `python primos.py`
2020-10-27T21:25:12.532818+00:00 app[web.1]: * Serving Flask app "primos" (lazy loading)
2020-10-27T21:25:12.532850+00:00 app[web.1]: * Environment: production
2020-10-27T21:25:12.532859+00:00 app[web.1]: WARNING: Do not use the development server in a production environment.
2020-10-27T21:25:12.532919+00:00 app[web.1]: Use a production WSGI server instead.
2020-10-27T21:25:12.532953+00:00 app[web.1]: * Debug mode: off
2020-10-27T21:25:12.561622+00:00 app[web.1]: * Running on http://0.0.0.0:18752/ (Press CTRL+C to quit)
2020-10-27T21:25:12.835420+00:00 heroku[web.1]: State changed from starting to up
2020-10-27T21:25:15.000000+00:00 app[api]: Build succeeded
2020-10-27T21:25:31.412167+00:00 app[web.1]: 10.5.239.252 - - [27/Oct/2020 21:25:31] "GET / HTTP/1.1" 200 -
2020-10-27T21:25:31.414302+00:00 heroku[router]: at=info method=GET path="/" host=defciberac3pyy.herokuapp.com request_id=02fab6ca-088e-4d34-b45e-44004b131697 fwd="179.54.133.6" dyno=web.1 connect=1ms service=3ms status=200 bytes=539 protocol=https
2020-10-27T21:25:31.662190+00:00 app[web.1]: 10.5.239.252 - - [27/Oct/2020 21:25:31] "GET /favicon.ico HTTP/1.1" 404 -
2020-10-27T21:25:31.665181+00:00 heroku[router]: at=info method=GET path="/favicon.ico" host=defciberac3pyy.herokuapp.com request_id=afef9845-37b9-4f59-99ba-874f71a5162a fwd="179.54.133.6" dyno=web.1 connect=1ms service=29ms status=404 bytes=379 protocol=https
2020-10-27T21:26:58.989925+00:00 app[web.1]: 10.67.186.14 - - [27/Oct/2020 21:26:58] "GET / HTTP/1.1" 200 -
2020-10-27T21:26:58.992542+00:00 heroku[router]: at=info method=GET path="/" host=defciberac3pyy.herokuapp.com request_id=0959b976-2b13-48cf-b6ec-6930f52a534f fwd="179.54.133.6" dyno=web.1 connect=0ms service=7ms status=200 bytes=539 protocol=https
